Arguments: 
  C:\Program Files\nodejs\node.exe C:\Program Files (x86)\Yarn\bin\yarn.js

PATH: 
  C:\Users\Giovanni\bin;D:\Program Files\Git\mingw64\bin;D:\Program Files\Git\usr\local\bin;D:\Program Files\Git\usr\bin;D:\Program Files\Git\usr\bin;D:\Program Files\Git\mingw64\bin;D:\Program Files\Git\usr\bin;C:\Users\Giovanni\bin;C:\Program Files (x86)\Common Files\Oracle\Java\javapath;C:\Program Files (x86)\Intel\iCLS Client;D:\Program Files\ImageMagick-7.0.6-Q16;C:\Program Files\Intel\iCLS Client;C:\WINDOWS\system32;C:\WINDOWS;C:\WINDOWS\System32\Wbem;C:\WINDOWS\System32\WindowsPowerShell\v1.0;C:\Program Files\Microsoft SQL Server\130\Tools\Binn;C:\Program Files\dotnet;C:\Program Files (x86)\Microsoft SQL Server\100\Tools\Binn;C:\Program Files\Microsoft SQL Server\100\Tools\Binn;C:\Program Files\Microsoft SQL Server\100\DTS\Binn;C:\Program Files (x86)\Microsoft SQL Server\100\Tools\Binn\VSShell\Common7\IDE;C:\Program Files (x86)\Microsoft SQL Server\100\DTS\Binn;D:\Users\Giovanni\AppData\Local\GeckoDriver;D:\Users\Giovanni\AppData\Local\ChromeDriver;C:\Program Files (x86)\Windows Kits\8.1\Windows Performance Toolkit;C:\Program Files\Microsoft\Web Platform Installer;C:\Program Files (x86)\NVIDIA Corporation\PhysX\Common;C:\WINDOWS\system32;C:\WINDOWS;C:\WINDOWS\System32\Wbem;C:\WINDOWS\System32\WindowsPowerShell\v1.0;C:\Program Files (x86)\Intel\Intel(R) Management Engine Components\DAL;C:\Program Files\Intel\Intel(R) Management Engine Components\DAL;C:\Program Files (x86)\Intel\Intel(R) Management Engine Components\IPT;C:\Program Files\Intel\Intel(R) Management Engine Components\IPT;C:\WINDOWS\System32\OpenSSH;C:\Program Files\nodejs;C:\Program Files (x86)\Yarn\bin;D:\Users\Giovanni\Android\tools;D:\Users\Giovanni\Android\platform-tools;C:\Users\Giovanni\.gradle\wrapper\dists\gradle-5.1.1\bin;D:\Program Files\Java\jdk1.8.0_191\bin;D:\AppData\Local\Microsoft\WindowsApps;C:\Users\Giovanni\AppData\Local\Microsoft\WindowsApps;D:\Program Files\Heroku\bin;D:\Users\Giovanni\AppData\Local\GeckoDriver;D:\Users\Giovanni\AppData\Local\ChromeDriver;C:\Program Files\Microsoft VS Code\bin;D:\Users\Giovanni\AppData\Local\Programs\Microsoft VS Code\bin;C:\Users\Giovanni\AppData\Roaming\npm;D:\Users\Giovanni\AppData\Local\Yarn\bin;C:\Users\Giovanni\AppData\Local\Programs\Microsoft VS Code\bin;D:\Program Files\Git\usr\bin\vendor_perl;D:\Program Files\Git\usr\bin\core_perl

Yarn version: 
  1.12.3

Node version: 
  10.15.0

Platform: 
  win32 x64

Trace: 
  SyntaxError: D:\Projects\RIW\riw-web\package.json: Unexpected token { in JSON at position 76
      at JSON.parse (<anonymous>)
      at C:\Program Files (x86)\Yarn\lib\cli.js:1631:59
      at Generator.next (<anonymous>)
      at step (C:\Program Files (x86)\Yarn\lib\cli.js:304:30)
      at C:\Program Files (x86)\Yarn\lib\cli.js:315:13

npm manifest: 
  {
  	"name": "riw-web",
  	"version": "1.0.0",
  	"license": "MIT",
  	"repository" {
  		"url": "https://github.com/agf2000/riw-web.git"
  	}
  }

yarn manifest: 
  No manifest

Lockfile: 
  No lockfile
